<?xml version="1.0" encoding="UTF-8"?>
<!-- Generated by org.testng.reporters.JUnitReportReporter -->
<testsuite hostname="LAPTOP-7O75UBNI" failures="0" tests="1" name="jayashgarg.testComponents.DateAndAxes" time="7.905" errors="0" timestamp="2023-02-20T14:39:53 IST" skipped="0">
  <testcase classname="jayashgarg.testComponents.DateAndAxes" name="dateAndAxes" time="7.905"/>
  <system-out/>
</testsuite> <!-- jayashgarg.testComponents.DateAndAxes -->
