<?xml version="1.0" encoding="UTF-8"?>
<!-- Generated by org.testng.reporters.JUnitReportReporter -->
<testsuite hostname="LAPTOP-7O75UBNI" failures="0" tests="1" name="jayashgarg.testComponents.WebTables" time="7.415" errors="0" timestamp="2023-02-20T15:13:57 IST" skipped="0">
  <testcase classname="jayashgarg.testComponents.WebTables" name="webTable" time="7.415"/>
  <system-out/>
</testsuite> <!-- jayashgarg.testComponents.WebTables -->
