<?xml version="1.0" encoding="UTF-8"?>
<!-- Generated by org.testng.reporters.JUnitReportReporter -->
<testsuite hostname="LAPTOP-7O75UBNI" failures="0" tests="1" name="jayashgarg.testComponents.BaseTest" time="12.249" errors="0" timestamp="2023-02-20T13:22:56 IST" skipped="0">
  <testcase classname="jayashgarg.testComponents.BaseTest" name="formTest" time="12.249"/>
  <system-out/>
</testsuite> <!-- jayashgarg.testComponents.BaseTest -->
