<?xml version="1.0" encoding="UTF-8"?>
<!-- Generated by org.testng.reporters.JUnitReportReporter -->
<testsuite hostname="LAPTOP-7O75UBNI" failures="0" tests="4" name="jayashgarg.OrderProductTest" time="39.331" errors="0" timestamp="2023-03-31T08:34:04 IST" skipped="1">
  <testcase classname="jayashgarg.OrderProductTest" name="standAloneTest" time="5.736">
    <skipped/>
  </testcase> <!-- standAloneTest -->
  <system-out/>
  <testcase classname="jayashgarg.OrderProductTest" name="standAloneTest" time="13.013"/>
  <system-out/>
  <testcase classname="jayashgarg.OrderProductTest" name="standAloneTest" time="14.755"/>
  <system-out/>
  <testcase classname="jayashgarg.OrderProductTest" name="orderHistoryTest" time="5.827"/>
  <system-out/>
</testsuite> <!-- jayashgarg.OrderProductTest -->
