<?xml version="1.0" encoding="UTF-8"?>
<!-- Generated by org.testng.reporters.JUnitReportReporter -->
<testsuite hostname="LAPTOP-7O75UBNI" failures="0" tests="3" name="jayashgarg.ErrorValidation" time="19.295" errors="0" timestamp="2023-03-30T11:56:05 IST" skipped="1">
  <testcase classname="jayashgarg.ErrorValidation" name="LoginErrorValidation" time="3.012"/>
  <system-out/>
  <testcase classname="jayashgarg.ErrorValidation" name="ProductErrorValidation" time="5.078">
    <skipped/>
  </testcase> <!-- ProductErrorValidation -->
  <system-out/>
  <testcase classname="jayashgarg.ErrorValidation" name="ProductErrorValidation" time="11.205"/>
  <system-out/>
</testsuite> <!-- jayashgarg.ErrorValidation -->
