<?xml version="1.0" encoding="UTF-8"?>
<!-- Generated by org.testng.reporters.JUnitReportReporter -->
<testsuite hostname="LAPTOP-7O75UBNI" failures="0" tests="3" name="jayashgarg.OrderProductTest" time="27.771" errors="0" timestamp="2023-03-30T11:56:05 IST" skipped="0">
  <testcase classname="jayashgarg.OrderProductTest" name="orderHistoryTest" time="3.449"/>
  <system-out/>
  <testcase classname="jayashgarg.OrderProductTest" name="standAloneTest" time="12.029"/>
  <system-out/>
  <testcase classname="jayashgarg.OrderProductTest" name="standAloneTest" time="12.293"/>
  <system-out/>
</testsuite> <!-- jayashgarg.OrderProductTest -->
