<?xml version="1.0" encoding="UTF-8"?>
<!-- Generated by org.testng.reporters.JUnitReportReporter -->
<testsuite hostname="Administrator" failures="0" tests="1" name="jayashgarg.swaglabs.AddProductToCartTest" time="35.408" errors="0" timestamp="2023-04-26T10:49:33 IST" skipped="0">
  <testcase classname="jayashgarg.swaglabs.AddProductToCartTest" name="addProductToCart" time="35.408"/>
  <system-out/>
</testsuite> <!-- jayashgarg.swaglabs.AddProductToCartTest -->
