<?xml version="1.0" encoding="UTF-8"?>
<!-- Generated by org.testng.reporters.JUnitReportReporter -->
<testsuite hostname="LAPTOP-7O75UBNI" failures="0" tests="3" name="jayashgarg.ErrorValidation" time="16.934" errors="0" timestamp="2023-03-31T11:00:36 IST" skipped="1">
  <testcase classname="jayashgarg.ErrorValidation" name="ProductErrorValidation" time="4.490">
    <skipped/>
  </testcase> <!-- ProductErrorValidation -->
  <system-out/>
  <testcase classname="jayashgarg.ErrorValidation" name="LoginErrorValidation" time="2.483"/>
  <system-out/>
  <testcase classname="jayashgarg.ErrorValidation" name="ProductErrorValidation" time="9.961"/>
  <system-out/>
</testsuite> <!-- jayashgarg.ErrorValidation -->
