<?xml version="1.0" encoding="UTF-8"?>
<!-- Generated by org.testng.reporters.JUnitReportReporter -->
<testsuite hostname="LAPTOP-7O75UBNI" failures="0" tests="2" name="cucumber.TestNGTestRunner" time="15.361" errors="0" timestamp="2023-04-01T23:59:17 IST" skipped="0">
  <testcase classname="cucumber.TestNGTestRunner" name="runScenario" time="3.982"/>
  <system-out/>
  <testcase classname="cucumber.TestNGTestRunner" name="runScenario" time="11.379"/>
  <system-out/>
</testsuite> <!-- cucumber.TestNGTestRunner -->
