<?xml version="1.0" encoding="UTF-8"?>
<!-- Generated by org.testng.reporters.JUnitReportReporter -->
<testsuite hostname="LAPTOP-7O75UBNI" failures="0" tests="4" name="jayashgarg.OrderProductTest" time="28.757" errors="0" timestamp="2023-03-31T11:00:36 IST" skipped="1">
  <testcase classname="jayashgarg.OrderProductTest" name="standAloneTest" time="11.621"/>
  <system-out/>
  <testcase classname="jayashgarg.OrderProductTest" name="standAloneTest" time="10.873"/>
  <system-out/>
  <testcase classname="jayashgarg.OrderProductTest" name="orderHistoryTest" time="2.147"/>
  <system-out/>
  <testcase classname="jayashgarg.OrderProductTest" name="standAloneTest" time="4.116">
    <skipped/>
  </testcase> <!-- standAloneTest -->
  <system-out/>
</testsuite> <!-- jayashgarg.OrderProductTest -->
