<?xml version="1.0" encoding="UTF-8"?>
<!-- Generated by org.testng.reporters.JUnitReportReporter -->
<testsuite hostname="LAPTOP-7O75UBNI" failures="0" tests="2" name="TestPackage.day1" time="0.017" errors="0" timestamp="2022-10-11T06:59:48 IST" skipped="0">
  <testcase classname="TestPackage.day1" name="Demo" time="0.011"/>
  <system-out/>
  <testcase classname="TestPackage.day1" name="Demo2" time="0.006"/>
  <system-out/>
</testsuite> <!-- TestPackage.day1 -->
