<?xml version="1.0" encoding="UTF-8"?>
<!-- Generated by org.testng.reporters.JUnitReportReporter -->
<testsuite hostname="LAPTOP-7O75UBNI" failures="0" tests="5" name="TestPackage.PersonalLoan" time="0.018" errors="0" timestamp="2022-10-11T06:59:48 IST" skipped="0">
  <testcase classname="TestPackage.PersonalLoan" name="WebLogin" time="0.001"/>
  <system-out/>
  <testcase classname="TestPackage.PersonalLoan" name="MobileLogin" time="0.006"/>
  <system-out/>
  <testcase classname="TestPackage.PersonalLoan" name="APILogin" time="0.009"/>
  <system-out/>
  <testcase classname="TestPackage.PersonalLoan" name="WebLogin" time="0.001"/>
  <system-out/>
  <testcase classname="TestPackage.PersonalLoan" name="WebLogin" time="0.001"/>
  <system-out/>
</testsuite> <!-- TestPackage.PersonalLoan -->
