<?xml version="1.0" encoding="UTF-8"?>
<!-- Generated by org.testng.reporters.JUnitReportReporter -->
<testsuite hostname="LAPTOP-7O75UBNI" failures="0" tests="1" name="TestPackage.day2" time="0.003" errors="0" timestamp="2022-10-11T06:59:48 IST" skipped="0">
  <testcase classname="TestPackage.day2" name="demo3" time="0.003"/>
  <system-out/>
</testsuite> <!-- TestPackage.day2 -->
