<?xml version="1.0" encoding="UTF-8"?>
<!-- Generated by org.testng.reporters.JUnitReportReporter -->
<testsuite hostname="LAPTOP-7O75UBNI" failures="0" tests="4" name="TestPackage.CarLoan" time="0.017" errors="0" timestamp="2022-10-11T06:59:48 IST" skipped="0">
  <testcase classname="TestPackage.CarLoan" name="MobileLogin" time="0.010"/>
  <system-out/>
  <testcase classname="TestPackage.CarLoan" name="WebLogin" time="0.003"/>
  <system-out/>
  <testcase classname="TestPackage.CarLoan" name="WebLogout" time="0.002"/>
  <system-out/>
  <testcase classname="TestPackage.CarLoan" name="APILogin" time="0.002"/>
  <system-out/>
</testsuite> <!-- TestPackage.CarLoan -->
