<?xml version="1.0" encoding="UTF-8"?>
<!-- Generated by org.testng.reporters.JUnitReportReporter -->
<testsuite hostname="LAPTOP-7O75UBNI" failures="0" tests="2" name="TestPackage.HomeLoan" time="0.003" errors="0" timestamp="2022-09-13T07:10:39 IST" skipped="0">
  <testcase classname="TestPackage.HomeLoan" name="WebLogin" time="0.002"/>
  <system-out/>
  <testcase classname="TestPackage.HomeLoan" name="MobileLogin" time="0.001"/>
  <system-out/>
</testsuite> <!-- TestPackage.HomeLoan -->
