<?xml version="1.0" encoding="UTF-8"?>
<!-- Generated by org.testng.reporters.JUnitReportReporter -->
<testsuite hostname="LAPTOP-7O75UBNI" failures="0" tests="1" name="jayashgarg.AppTest" time="0.003" errors="0" timestamp="2023-03-31T08:34:04 IST" skipped="0">
  <testcase classname="jayashgarg.AppTest" name="shouldAnswerWithTrue" time="0.003"/>
  <system-out/>
</testsuite> <!-- jayashgarg.AppTest -->
